{"C:\\Users\\starr\\Documents\\Github\\MundosDeTinta\\Backend\\config-db.js": {"path":"C:\\Users\\starr\\Documents\\Github\\MundosDeTinta\\Backend\\config-db.js","statementMap":{"0":{"start":{"line":1,"column":15},"end":{"line":1,"column":34}},"1":{"start":{"line":2,"column":22},"end":{"line":2,"column":42}},"2":{"start":{"line":3,"column":18},"end":{"line":7,"column":2}},"3":{"start":{"line":8,"column":0},"end":{"line":8,"column":27}}},"fnMap":{},"branchMap":{},"s":{"0":3,"1":3,"2":3,"3":3},"f":{},"b":{},"_coverageSchema":"1a1c01bbd47fc00a2c39e90264f33305004495a9","hash":"70f4d47e05159a811033e7693b2b62faba0c33e8"}
,"C:\\Users\\starr\\Documents\\Github\\MundosDeTinta\\Backend\\config.js": {"path":"C:\\Users\\starr\\Documents\\Github\\MundosDeTinta\\Backend\\config.js","statementMap":{"0":{"start":{"line":1,"column":15},"end":{"line":12,"column":1}},"1":{"start":{"line":13,"column":0},"end":{"line":13,"column":24}}},"fnMap":{},"branchMap":{},"s":{"0":3,"1":3},"f":{},"b":{},"_coverageSchema":"1a1c01bbd47fc00a2c39e90264f33305004495a9","hash":"b9e22f6cf361588658e6c9307cc822d9c6591eb5"}
,"C:\\Users\\starr\\Documents\\Github\\MundosDeTinta\\Backend\\helper.js": {"path":"C:\\Users\\starr\\Documents\\Github\\MundosDeTinta\\Backend\\helper.js","statementMap":{"0":{"start":{"line":2,"column":4},"end":{"line":2,"column":45}},"1":{"start":{"line":6,"column":4},"end":{"line":8,"column":5}},"2":{"start":{"line":7,"column":6},"end":{"line":7,"column":16}},"3":{"start":{"line":9,"column":4},"end":{"line":9,"column":16}},"4":{"start":{"line":12,"column":2},"end":{"line":15,"column":3}}},"fnMap":{"0":{"name":"getOffset","decl":{"start":{"line":1,"column":9},"end":{"line":1,"column":18}},"loc":{"start":{"line":1,"column":49},"end":{"line":3,"column":3}},"line":1},"1":{"name":"emptyOrRows","decl":{"start":{"line":5,"column":11},"end":{"line":5,"column":22}},"loc":{"start":{"line":5,"column":29},"end":{"line":10,"column":3}},"line":5}},"branchMap":{"0":{"loc":{"start":{"line":1,"column":19},"end":{"line":1,"column":34}},"type":"default-arg","locations":[{"start":{"line":1,"column":33},"end":{"line":1,"column":34}}],"line":1},"1":{"loc":{"start":{"line":6,"column":4},"end":{"line":8,"column":5}},"type":"if","locations":[{"start":{"line":6,"column":4},"end":{"line":8,"column":5}},{"start":{},"end":{}}],"line":6}},"s":{"0":3,"1":0,"2":0,"3":0,"4":3},"f":{"0":3,"1":0},"b":{"0":[0],"1":[0,0]},"_coverageSchema":"1a1c01bbd47fc00a2c39e90264f33305004495a9","hash":"53b4b75e22b574a896e569efde25a1e89155a961"}
,"C:\\Users\\starr\\Documents\\Github\\MundosDeTinta\\Backend\\models\\categorias.js": {"path":"C:\\Users\\starr\\Documents\\Github\\MundosDeTinta\\Backend\\models\\categorias.js","statementMap":{"0":{"start":{"line":1,"column":18},"end":{"line":1,"column":38}},"1":{"start":{"line":2,"column":0},"end":{"line":33,"column":2}},"2":{"start":{"line":3,"column":2},"end":{"line":32,"column":5}}},"fnMap":{"0":{"name":"(anonymous_0)","decl":{"start":{"line":2,"column":17},"end":{"line":2,"column":18}},"loc":{"start":{"line":2,"column":48},"end":{"line":33,"column":1}},"line":2}},"branchMap":{},"s":{"0":3,"1":3,"2":3},"f":{"0":3},"b":{},"_coverageSchema":"1a1c01bbd47fc00a2c39e90264f33305004495a9","hash":"598714e160357dc19f67179bac26db66871b3eae"}
,"C:\\Users\\starr\\Documents\\Github\\MundosDeTinta\\Backend\\models\\departamentos.js": {"path":"C:\\Users\\starr\\Documents\\Github\\MundosDeTinta\\Backend\\models\\departamentos.js","statementMap":{"0":{"start":{"line":1,"column":18},"end":{"line":1,"column":38}},"1":{"start":{"line":2,"column":0},"end":{"line":33,"column":2}},"2":{"start":{"line":3,"column":2},"end":{"line":32,"column":5}}},"fnMap":{"0":{"name":"(anonymous_0)","decl":{"start":{"line":2,"column":17},"end":{"line":2,"column":18}},"loc":{"start":{"line":2,"column":48},"end":{"line":33,"column":1}},"line":2}},"branchMap":{},"s":{"0":3,"1":3,"2":3},"f":{"0":3},"b":{},"_coverageSchema":"1a1c01bbd47fc00a2c39e90264f33305004495a9","hash":"24f9b95d6d0decfc4294402fbf6f57dbf61efe44"}
,"C:\\Users\\starr\\Documents\\Github\\MundosDeTinta\\Backend\\models\\empleados.js": {"path":"C:\\Users\\starr\\Documents\\Github\\MundosDeTinta\\Backend\\models\\empleados.js","statementMap":{"0":{"start":{"line":1,"column":18},"end":{"line":1,"column":38}},"1":{"start":{"line":2,"column":0},"end":{"line":55,"column":2}},"2":{"start":{"line":3,"column":2},"end":{"line":54,"column":5}}},"fnMap":{"0":{"name":"(anonymous_0)","decl":{"start":{"line":2,"column":17},"end":{"line":2,"column":18}},"loc":{"start":{"line":2,"column":48},"end":{"line":55,"column":1}},"line":2}},"branchMap":{},"s":{"0":3,"1":3,"2":3},"f":{"0":3},"b":{},"_coverageSchema":"1a1c01bbd47fc00a2c39e90264f33305004495a9","hash":"df734ddab7ec1d029524ab4fd917af74354da617"}
,"C:\\Users\\starr\\Documents\\Github\\MundosDeTinta\\Backend\\models\\init-models.js": {"path":"C:\\Users\\starr\\Documents\\Github\\MundosDeTinta\\Backend\\models\\init-models.js","statementMap":{"0":{"start":{"line":1,"column":16},"end":{"line":1,"column":46}},"1":{"start":{"line":2,"column":18},"end":{"line":2,"column":41}},"2":{"start":{"line":3,"column":21},"end":{"line":3,"column":47}},"3":{"start":{"line":4,"column":17},"end":{"line":4,"column":39}},"4":{"start":{"line":5,"column":17},"end":{"line":5,"column":39}},"5":{"start":{"line":6,"column":16},"end":{"line":6,"column":37}},"6":{"start":{"line":7,"column":14},"end":{"line":7,"column":33}},"7":{"start":{"line":10,"column":19},"end":{"line":10,"column":52}},"8":{"start":{"line":11,"column":22},"end":{"line":11,"column":58}},"9":{"start":{"line":12,"column":18},"end":{"line":12,"column":50}},"10":{"start":{"line":13,"column":18},"end":{"line":13,"column":50}},"11":{"start":{"line":14,"column":17},"end":{"line":14,"column":48}},"12":{"start":{"line":15,"column":15},"end":{"line":15,"column":44}},"13":{"start":{"line":17,"column":2},"end":{"line":17,"column":89}},"14":{"start":{"line":18,"column":2},"end":{"line":18,"column":84}},"15":{"start":{"line":19,"column":2},"end":{"line":19,"column":98}},"16":{"start":{"line":20,"column":2},"end":{"line":20,"column":90}},"17":{"start":{"line":21,"column":2},"end":{"line":21,"column":106}},"18":{"start":{"line":22,"column":2},"end":{"line":22,"column":84}},"19":{"start":{"line":23,"column":2},"end":{"line":23,"column":104}},"20":{"start":{"line":24,"column":2},"end":{"line":24,"column":79}},"21":{"start":{"line":25,"column":2},"end":{"line":25,"column":83}},"22":{"start":{"line":26,"column":2},"end":{"line":26,"column":75}},"23":{"start":{"line":28,"column":2},"end":{"line":35,"column":4}},"24":{"start":{"line":37,"column":0},"end":{"line":37,"column":28}},"25":{"start":{"line":38,"column":0},"end":{"line":38,"column":39}},"26":{"start":{"line":39,"column":0},"end":{"line":39,"column":36}}},"fnMap":{"0":{"name":"initModels","decl":{"start":{"line":9,"column":9},"end":{"line":9,"column":19}},"loc":{"start":{"line":9,"column":31},"end":{"line":36,"column":1}},"line":9}},"branchMap":{},"s":{"0":3,"1":3,"2":3,"3":3,"4":3,"5":3,"6":3,"7":3,"8":3,"9":3,"10":3,"11":3,"12":3,"13":3,"14":3,"15":3,"16":3,"17":3,"18":3,"19":3,"20":3,"21":3,"22":3,"23":3,"24":3,"25":3,"26":3},"f":{"0":3},"b":{},"_coverageSchema":"1a1c01bbd47fc00a2c39e90264f33305004495a9","hash":"845ea87fda39884386669666f60ab2209410b0e5"}
,"C:\\Users\\starr\\Documents\\Github\\MundosDeTinta\\Backend\\models\\productos.js": {"path":"C:\\Users\\starr\\Documents\\Github\\MundosDeTinta\\Backend\\models\\productos.js","statementMap":{"0":{"start":{"line":1,"column":18},"end":{"line":1,"column":38}},"1":{"start":{"line":2,"column":0},"end":{"line":56,"column":2}},"2":{"start":{"line":3,"column":2},"end":{"line":55,"column":5}}},"fnMap":{"0":{"name":"(anonymous_0)","decl":{"start":{"line":2,"column":17},"end":{"line":2,"column":18}},"loc":{"start":{"line":2,"column":48},"end":{"line":56,"column":1}},"line":2}},"branchMap":{},"s":{"0":3,"1":3,"2":3},"f":{"0":3},"b":{},"_coverageSchema":"1a1c01bbd47fc00a2c39e90264f33305004495a9","hash":"8ca317222c38ec150d4f0e0d12b9cca022ae7d0b"}
,"C:\\Users\\starr\\Documents\\Github\\MundosDeTinta\\Backend\\models\\usuarios.js": {"path":"C:\\Users\\starr\\Documents\\Github\\MundosDeTinta\\Backend\\models\\usuarios.js","statementMap":{"0":{"start":{"line":1,"column":18},"end":{"line":1,"column":38}},"1":{"start":{"line":2,"column":0},"end":{"line":48,"column":2}},"2":{"start":{"line":3,"column":2},"end":{"line":47,"column":5}}},"fnMap":{"0":{"name":"(anonymous_0)","decl":{"start":{"line":2,"column":17},"end":{"line":2,"column":18}},"loc":{"start":{"line":2,"column":48},"end":{"line":48,"column":1}},"line":2}},"branchMap":{},"s":{"0":3,"1":3,"2":3},"f":{"0":3},"b":{},"_coverageSchema":"1a1c01bbd47fc00a2c39e90264f33305004495a9","hash":"66d0fbb7f105fbe39810ce0f881ee4c29bf75ad0"}
,"C:\\Users\\starr\\Documents\\Github\\MundosDeTinta\\Backend\\models\\ventas.js": {"path":"C:\\Users\\starr\\Documents\\Github\\MundosDeTinta\\Backend\\models\\ventas.js","statementMap":{"0":{"start":{"line":1,"column":18},"end":{"line":1,"column":38}},"1":{"start":{"line":2,"column":0},"end":{"line":85,"column":2}},"2":{"start":{"line":3,"column":2},"end":{"line":84,"column":5}}},"fnMap":{"0":{"name":"(anonymous_0)","decl":{"start":{"line":2,"column":17},"end":{"line":2,"column":18}},"loc":{"start":{"line":2,"column":48},"end":{"line":85,"column":1}},"line":2}},"branchMap":{},"s":{"0":3,"1":3,"2":3},"f":{"0":3},"b":{},"_coverageSchema":"1a1c01bbd47fc00a2c39e90264f33305004495a9","hash":"b7528d524facfb89d04e402a34348f18c9092233"}
,"C:\\Users\\starr\\Documents\\Github\\MundosDeTinta\\Backend\\services\\db.js": {"path":"C:\\Users\\starr\\Documents\\Github\\MundosDeTinta\\Backend\\services\\db.js","statementMap":{"0":{"start":{"line":1,"column":14},"end":{"line":1,"column":39}},"1":{"start":{"line":2,"column":15},"end":{"line":2,"column":35}},"2":{"start":{"line":5,"column":21},"end":{"line":5,"column":60}},"3":{"start":{"line":6,"column":22},"end":{"line":6,"column":59}},"4":{"start":{"line":8,"column":2},"end":{"line":8,"column":17}},"5":{"start":{"line":11,"column":0},"end":{"line":13,"column":1}}},"fnMap":{"0":{"name":"query","decl":{"start":{"line":4,"column":15},"end":{"line":4,"column":20}},"loc":{"start":{"line":4,"column":34},"end":{"line":9,"column":1}},"line":4}},"branchMap":{},"s":{"0":3,"1":3,"2":0,"3":0,"4":0,"5":3},"f":{"0":0},"b":{},"_coverageSchema":"1a1c01bbd47fc00a2c39e90264f33305004495a9","hash":"5eecde728bd8e910c5e53a7056f5d1747f71fa0f"}
,"C:\\Users\\starr\\Documents\\Github\\MundosDeTinta\\Backend\\services\\empleados.js": {"path":"C:\\Users\\starr\\Documents\\Github\\MundosDeTinta\\Backend\\services\\empleados.js","statementMap":{"0":{"start":{"line":1,"column":11},"end":{"line":1,"column":26}},"1":{"start":{"line":2,"column":15},"end":{"line":2,"column":35}},"2":{"start":{"line":3,"column":15},"end":{"line":3,"column":35}},"3":{"start":{"line":4,"column":18},"end":{"line":4,"column":41}},"4":{"start":{"line":5,"column":19},"end":{"line":5,"column":51}},"5":{"start":{"line":6,"column":15},"end":{"line":6,"column":36}},"6":{"start":{"line":10,"column":17},"end":{"line":10,"column":59}},"7":{"start":{"line":11,"column":15},"end":{"line":30,"column":4}},"8":{"start":{"line":31,"column":15},"end":{"line":31,"column":23}},"9":{"start":{"line":32,"column":2},"end":{"line":35,"column":4}},"10":{"start":{"line":59,"column":16},"end":{"line":59,"column":46}},"11":{"start":{"line":61,"column":23},"end":{"line":65,"column":4}},"12":{"start":{"line":67,"column":2},"end":{"line":80,"column":3}},"13":{"start":{"line":68,"column":19},"end":{"line":75,"column":6}},"14":{"start":{"line":77,"column":4},"end":{"line":79,"column":5}},"15":{"start":{"line":78,"column":6},"end":{"line":78,"column":36}},"16":{"start":{"line":82,"column":2},"end":{"line":82,"column":21}},"17":{"start":{"line":105,"column":16},"end":{"line":105,"column":49}},"18":{"start":{"line":107,"column":17},"end":{"line":118,"column":4}},"19":{"start":{"line":120,"column":2},"end":{"line":122,"column":3}},"20":{"start":{"line":121,"column":4},"end":{"line":121,"column":37}},"21":{"start":{"line":124,"column":2},"end":{"line":124,"column":21}},"22":{"start":{"line":147,"column":16},"end":{"line":147,"column":47}},"23":{"start":{"line":149,"column":17},"end":{"line":153,"column":4}},"24":{"start":{"line":155,"column":2},"end":{"line":157,"column":3}},"25":{"start":{"line":156,"column":4},"end":{"line":156,"column":35}},"26":{"start":{"line":159,"column":2},"end":{"line":159,"column":21}},"27":{"start":{"line":178,"column":0},"end":{"line":183,"column":2}}},"fnMap":{"0":{"name":"getMultiple","decl":{"start":{"line":9,"column":15},"end":{"line":9,"column":26}},"loc":{"start":{"line":9,"column":37},"end":{"line":36,"column":1}},"line":9},"1":{"name":"create","decl":{"start":{"line":58,"column":15},"end":{"line":58,"column":21}},"loc":{"start":{"line":58,"column":32},"end":{"line":83,"column":1}},"line":58},"2":{"name":"update","decl":{"start":{"line":104,"column":15},"end":{"line":104,"column":21}},"loc":{"start":{"line":104,"column":40},"end":{"line":125,"column":1}},"line":104},"3":{"name":"remove","decl":{"start":{"line":146,"column":15},"end":{"line":146,"column":21}},"loc":{"start":{"line":146,"column":30},"end":{"line":160,"column":1}},"line":146}},"branchMap":{"0":{"loc":{"start":{"line":9,"column":27},"end":{"line":9,"column":35}},"type":"default-arg","locations":[{"start":{"line":9,"column":34},"end":{"line":9,"column":35}}],"line":9},"1":{"loc":{"start":{"line":67,"column":2},"end":{"line":80,"column":3}},"type":"if","locations":[{"start":{"line":67,"column":2},"end":{"line":80,"column":3}},{"start":{},"end":{}}],"line":67},"2":{"loc":{"start":{"line":77,"column":4},"end":{"line":79,"column":5}},"type":"if","locations":[{"start":{"line":77,"column":4},"end":{"line":79,"column":5}},{"start":{},"end":{}}],"line":77},"3":{"loc":{"start":{"line":120,"column":2},"end":{"line":122,"column":3}},"type":"if","locations":[{"start":{"line":120,"column":2},"end":{"line":122,"column":3}},{"start":{},"end":{}}],"line":120},"4":{"loc":{"start":{"line":155,"column":2},"end":{"line":157,"column":3}},"type":"if","locations":[{"start":{"line":155,"column":2},"end":{"line":157,"column":3}},{"start":{},"end":{}}],"line":155}},"s":{"0":1,"1":1,"2":1,"3":1,"4":1,"5":1,"6":1,"7":1,"8":1,"9":1,"10":1,"11":1,"12":1,"13":1,"14":1,"15":1,"16":1,"17":1,"18":1,"19":1,"20":1,"21":1,"22":1,"23":1,"24":1,"25":1,"26":1,"27":1},"f":{"0":1,"1":1,"2":1,"3":1},"b":{"0":[1],"1":[1,0],"2":[1,0],"3":[1,0],"4":[1,0]},"_coverageSchema":"1a1c01bbd47fc00a2c39e90264f33305004495a9","hash":"c8bf6beb376c05caac123afc35311a899c53639c"}
,"C:\\Users\\starr\\Documents\\Github\\MundosDeTinta\\Backend\\services\\productos.js": {"path":"C:\\Users\\starr\\Documents\\Github\\MundosDeTinta\\Backend\\services\\productos.js","statementMap":{"0":{"start":{"line":1,"column":11},"end":{"line":1,"column":26}},"1":{"start":{"line":2,"column":15},"end":{"line":2,"column":35}},"2":{"start":{"line":3,"column":15},"end":{"line":3,"column":35}},"3":{"start":{"line":4,"column":18},"end":{"line":4,"column":41}},"4":{"start":{"line":5,"column":19},"end":{"line":5,"column":51}},"5":{"start":{"line":6,"column":15},"end":{"line":6,"column":36}},"6":{"start":{"line":10,"column":17},"end":{"line":10,"column":59}},"7":{"start":{"line":12,"column":15},"end":{"line":22,"column":4}},"8":{"start":{"line":24,"column":15},"end":{"line":24,"column":23}},"9":{"start":{"line":26,"column":2},"end":{"line":29,"column":4}},"10":{"start":{"line":54,"column":19},"end":{"line":62,"column":4}},"11":{"start":{"line":64,"column":2},"end":{"line":66,"column":3}},"12":{"start":{"line":65,"column":4},"end":{"line":65,"column":24}},"13":{"start":{"line":68,"column":15},"end":{"line":68,"column":32}},"14":{"start":{"line":70,"column":2},"end":{"line":70,"column":47}},"15":{"start":{"line":71,"column":2},"end":{"line":71,"column":27}},"16":{"start":{"line":73,"column":2},"end":{"line":73,"column":18}},"17":{"start":{"line":95,"column":20},"end":{"line":97,"column":4}},"18":{"start":{"line":99,"column":2},"end":{"line":101,"column":3}},"19":{"start":{"line":100,"column":4},"end":{"line":100,"column":50}},"20":{"start":{"line":103,"column":24},"end":{"line":109,"column":3}},"21":{"start":{"line":111,"column":17},"end":{"line":111,"column":61}},"22":{"start":{"line":113,"column":16},"end":{"line":113,"column":46}},"23":{"start":{"line":115,"column":2},"end":{"line":117,"column":3}},"24":{"start":{"line":116,"column":4},"end":{"line":116,"column":34}},"25":{"start":{"line":119,"column":2},"end":{"line":119,"column":21}},"26":{"start":{"line":188,"column":2},"end":{"line":200,"column":3}},"27":{"start":{"line":189,"column":21},"end":{"line":192,"column":5}},"28":{"start":{"line":193,"column":4},"end":{"line":193,"column":29}},"29":{"start":{"line":194,"column":4},"end":{"line":194,"column":35}},"30":{"start":{"line":195,"column":19},"end":{"line":199,"column":5}},"31":{"start":{"line":203,"column":18},"end":{"line":203,"column":40}},"32":{"start":{"line":204,"column":4},"end":{"line":204,"column":23}},"33":{"start":{"line":215,"column":19},"end":{"line":217,"column":4}},"34":{"start":{"line":219,"column":2},"end":{"line":221,"column":3}},"35":{"start":{"line":220,"column":4},"end":{"line":220,"column":49}},"36":{"start":{"line":223,"column":2},"end":{"line":223,"column":27}},"37":{"start":{"line":225,"column":2},"end":{"line":225,"column":43}},"38":{"start":{"line":241,"column":0},"end":{"line":247,"column":2}}},"fnMap":{"0":{"name":"getMultiple","decl":{"start":{"line":9,"column":15},"end":{"line":9,"column":26}},"loc":{"start":{"line":9,"column":37},"end":{"line":30,"column":1}},"line":9},"1":{"name":"getById","decl":{"start":{"line":53,"column":15},"end":{"line":53,"column":22}},"loc":{"start":{"line":53,"column":27},"end":{"line":74,"column":1}},"line":53},"2":{"name":"create","decl":{"start":{"line":94,"column":15},"end":{"line":94,"column":21}},"loc":{"start":{"line":94,"column":32},"end":{"line":120,"column":1}},"line":94},"3":{"name":"update","decl":{"start":{"line":175,"column":15},"end":{"line":175,"column":21}},"loc":{"start":{"line":175,"column":30},"end":{"line":209,"column":1}},"line":175},"4":{"name":"remove","decl":{"start":{"line":213,"column":15},"end":{"line":213,"column":21}},"loc":{"start":{"line":213,"column":26},"end":{"line":226,"column":1}},"line":213}},"branchMap":{"0":{"loc":{"start":{"line":9,"column":27},"end":{"line":9,"column":35}},"type":"default-arg","locations":[{"start":{"line":9,"column":34},"end":{"line":9,"column":35}}],"line":9},"1":{"loc":{"start":{"line":64,"column":2},"end":{"line":66,"column":3}},"type":"if","locations":[{"start":{"line":64,"column":2},"end":{"line":66,"column":3}},{"start":{},"end":{}}],"line":64},"2":{"loc":{"start":{"line":99,"column":2},"end":{"line":101,"column":3}},"type":"if","locations":[{"start":{"line":99,"column":2},"end":{"line":101,"column":3}},{"start":{},"end":{}}],"line":99},"3":{"loc":{"start":{"line":115,"column":2},"end":{"line":117,"column":3}},"type":"if","locations":[{"start":{"line":115,"column":2},"end":{"line":117,"column":3}},{"start":{},"end":{}}],"line":115},"4":{"loc":{"start":{"line":219,"column":2},"end":{"line":221,"column":3}},"type":"if","locations":[{"start":{"line":219,"column":2},"end":{"line":221,"column":3}},{"start":{},"end":{}}],"line":219}},"s":{"0":1,"1":1,"2":1,"3":1,"4":1,"5":1,"6":1,"7":1,"8":1,"9":1,"10":0,"11":0,"12":0,"13":0,"14":0,"15":0,"16":0,"17":1,"18":1,"19":1,"20":0,"21":0,"22":0,"23":0,"24":0,"25":0,"26":1,"27":0,"28":0,"29":0,"30":0,"31":0,"32":0,"33":1,"34":1,"35":1,"36":0,"37":0,"38":1},"f":{"0":1,"1":0,"2":1,"3":1,"4":1},"b":{"0":[1],"1":[0,0],"2":[1,0],"3":[0,0],"4":[1,0]},"_coverageSchema":"1a1c01bbd47fc00a2c39e90264f33305004495a9","hash":"dae8fa4911fb82f7ff0db2a949127d36426285e7"}
,"C:\\Users\\starr\\Documents\\Github\\MundosDeTinta\\Backend\\services\\ventas.js": {"path":"C:\\Users\\starr\\Documents\\Github\\MundosDeTinta\\Backend\\services\\ventas.js","statementMap":{"0":{"start":{"line":1,"column":11},"end":{"line":1,"column":26}},"1":{"start":{"line":2,"column":15},"end":{"line":2,"column":35}},"2":{"start":{"line":3,"column":15},"end":{"line":3,"column":35}},"3":{"start":{"line":4,"column":18},"end":{"line":4,"column":41}},"4":{"start":{"line":5,"column":19},"end":{"line":5,"column":51}},"5":{"start":{"line":6,"column":15},"end":{"line":6,"column":36}},"6":{"start":{"line":10,"column":17},"end":{"line":10,"column":59}},"7":{"start":{"line":12,"column":17},"end":{"line":28,"column":4}},"8":{"start":{"line":30,"column":15},"end":{"line":42,"column":4}},"9":{"start":{"line":31,"column":22},"end":{"line":31,"column":36}},"10":{"start":{"line":32,"column":4},"end":{"line":41,"column":6}},"11":{"start":{"line":43,"column":15},"end":{"line":43,"column":23}},"12":{"start":{"line":45,"column":2},"end":{"line":48,"column":4}},"13":{"start":{"line":76,"column":17},"end":{"line":76,"column":59}},"14":{"start":{"line":77,"column":19},"end":{"line":92,"column":4}},"15":{"start":{"line":94,"column":15},"end":{"line":94,"column":43}},"16":{"start":{"line":95,"column":15},"end":{"line":95,"column":23}},"17":{"start":{"line":97,"column":2},"end":{"line":100,"column":4}},"18":{"start":{"line":124,"column":17},"end":{"line":124,"column":59}},"19":{"start":{"line":125,"column":15},"end":{"line":135,"column":3}},"20":{"start":{"line":136,"column":15},"end":{"line":136,"column":39}},"21":{"start":{"line":137,"column":15},"end":{"line":137,"column":23}},"22":{"start":{"line":139,"column":2},"end":{"line":142,"column":4}},"23":{"start":{"line":146,"column":17},"end":{"line":146,"column":59}},"24":{"start":{"line":147,"column":15},"end":{"line":150,"column":3}},"25":{"start":{"line":151,"column":15},"end":{"line":151,"column":39}},"26":{"start":{"line":152,"column":15},"end":{"line":152,"column":23}},"27":{"start":{"line":154,"column":2},"end":{"line":157,"column":4}},"28":{"start":{"line":162,"column":22},"end":{"line":162,"column":32}},"29":{"start":{"line":163,"column":14},"end":{"line":163,"column":39}},"30":{"start":{"line":164,"column":14},"end":{"line":164,"column":40}},"31":{"start":{"line":165,"column":14},"end":{"line":165,"column":35}},"32":{"start":{"line":166,"column":26},"end":{"line":166,"column":104}},"33":{"start":{"line":168,"column":16},"end":{"line":168,"column":45}},"34":{"start":{"line":169,"column":22},"end":{"line":169,"column":23}},"35":{"start":{"line":173,"column":4},"end":{"line":175,"column":5}},"36":{"start":{"line":174,"column":6},"end":{"line":174,"column":52}},"37":{"start":{"line":177,"column":4},"end":{"line":202,"column":3}},"38":{"start":{"line":178,"column":25},"end":{"line":185,"column":7}},"39":{"start":{"line":189,"column":21},"end":{"line":190,"column":184}},"40":{"start":{"line":192,"column":8},"end":{"line":192,"column":24}},"41":{"start":{"line":252,"column":17},"end":{"line":254,"column":4}},"42":{"start":{"line":256,"column":16},"end":{"line":256,"column":44}},"43":{"start":{"line":258,"column":2},"end":{"line":260,"column":3}},"44":{"start":{"line":259,"column":4},"end":{"line":259,"column":32}},"45":{"start":{"line":262,"column":2},"end":{"line":262,"column":21}},"46":{"start":{"line":278,"column":0},"end":{"line":285,"column":2}}},"fnMap":{"0":{"name":"getMultiple","decl":{"start":{"line":9,"column":15},"end":{"line":9,"column":26}},"loc":{"start":{"line":9,"column":37},"end":{"line":49,"column":1}},"line":9},"1":{"name":"(anonymous_1)","decl":{"start":{"line":30,"column":26},"end":{"line":30,"column":27}},"loc":{"start":{"line":30,"column":37},"end":{"line":42,"column":3}},"line":30},"2":{"name":"getIngresos","decl":{"start":{"line":75,"column":15},"end":{"line":75,"column":26}},"loc":{"start":{"line":75,"column":37},"end":{"line":101,"column":1}},"line":75},"3":{"name":"getPagos","decl":{"start":{"line":123,"column":15},"end":{"line":123,"column":23}},"loc":{"start":{"line":123,"column":34},"end":{"line":143,"column":1}},"line":123},"4":{"name":"getMasVendidos","decl":{"start":{"line":145,"column":15},"end":{"line":145,"column":29}},"loc":{"start":{"line":145,"column":40},"end":{"line":158,"column":1}},"line":145},"5":{"name":"create","decl":{"start":{"line":161,"column":15},"end":{"line":161,"column":21}},"loc":{"start":{"line":161,"column":30},"end":{"line":205,"column":1}},"line":161},"6":{"name":"remove","decl":{"start":{"line":251,"column":15},"end":{"line":251,"column":21}},"loc":{"start":{"line":251,"column":26},"end":{"line":263,"column":1}},"line":251}},"branchMap":{"0":{"loc":{"start":{"line":9,"column":27},"end":{"line":9,"column":35}},"type":"default-arg","locations":[{"start":{"line":9,"column":34},"end":{"line":9,"column":35}}],"line":9},"1":{"loc":{"start":{"line":75,"column":27},"end":{"line":75,"column":35}},"type":"default-arg","locations":[{"start":{"line":75,"column":34},"end":{"line":75,"column":35}}],"line":75},"2":{"loc":{"start":{"line":123,"column":24},"end":{"line":123,"column":32}},"type":"default-arg","locations":[{"start":{"line":123,"column":31},"end":{"line":123,"column":32}}],"line":123},"3":{"loc":{"start":{"line":145,"column":30},"end":{"line":145,"column":38}},"type":"default-arg","locations":[{"start":{"line":145,"column":37},"end":{"line":145,"column":38}}],"line":145},"4":{"loc":{"start":{"line":173,"column":4},"end":{"line":175,"column":5}},"type":"if","locations":[{"start":{"line":173,"column":4},"end":{"line":175,"column":5}},{"start":{},"end":{}}],"line":173},"5":{"loc":{"start":{"line":173,"column":8},"end":{"line":173,"column":108}},"type":"binary-expr","locations":[{"start":{"line":173,"column":8},"end":{"line":173,"column":40}},{"start":{"line":173,"column":44},"end":{"line":173,"column":64}},{"start":{"line":173,"column":68},"end":{"line":173,"column":87}},{"start":{"line":173,"column":91},"end":{"line":173,"column":108}}],"line":173},"6":{"loc":{"start":{"line":258,"column":2},"end":{"line":260,"column":3}},"type":"if","locations":[{"start":{"line":258,"column":2},"end":{"line":260,"column":3}},{"start":{},"end":{}}],"line":258}},"s":{"0":1,"1":1,"2":1,"3":1,"4":1,"5":1,"6":1,"7":1,"8":1,"9":4,"10":4,"11":1,"12":1,"13":0,"14":0,"15":0,"16":0,"17":0,"18":0,"19":0,"20":0,"21":0,"22":0,"23":0,"24":0,"25":0,"26":0,"27":0,"28":1,"29":1,"30":1,"31":1,"32":1,"33":1,"34":1,"35":1,"36":1,"37":0,"38":0,"39":0,"40":0,"41":0,"42":0,"43":0,"44":0,"45":0,"46":1},"f":{"0":1,"1":4,"2":0,"3":0,"4":0,"5":1,"6":0},"b":{"0":[1],"1":[0],"2":[0],"3":[0],"4":[1,0],"5":[1,0,0,0],"6":[0,0]},"_coverageSchema":"1a1c01bbd47fc00a2c39e90264f33305004495a9","hash":"c7930b84bedc081fc3f5516c46c83f667d3e788c"}
}
